================================================================================
Appcelerator Titanium Diagnostics Build Log
The contents of this file are useful to send to Appcelerator Support if
reporting an issue to help us understand your environment, build settings
and aid in debugging. Please attach this log to any issue that you report.
================================================================================

Starting build at 03/18/11 17:40

Build details:

   timestamp=03/15/11 11:45
   version=1.6.1
   githash=2fdc0c5


Script arguments:
   /Library/Application Support/Titanium/mobilesdk/osx/1.6.1/iphone/builder.py
   simulator
   "4.2"
   "/Users/boydlee/Projects/Titanium/Cowboys"
   com.boydlee.cowboys
   "Cowboys"
   iphone

Building from: /Library/Application Support/Titanium/mobilesdk/osx/1.6.1/iphone
Platform: Darwin Kernel Version 10.6.0: Wed Nov 10 18:13:17 PST 2010; root:xnu-1504.9.26~3/RELEASE_I386

Xcode path is: /Developer


githash=2fdc0c5, existing_git_hash=2fdc0c5
writing contents of /Users/boydlee/Projects/Titanium/Cowboys/build/iphone/project.xcconfig:

TI_VERSION=1.6.1
TI_SDK_DIR=/Library/Application Support/Titanium/mobilesdk/osx/$(TI_VERSION)/iphone
TI_APPID=com.boydlee.cowboys
OTHER_LDFLAGS[sdk=iphoneos4*]=$(inherited) -weak_framework iAd
OTHER_LDFLAGS[sdk=iphonesimulator4*]=$(inherited) -weak_framework iAd
#include "module"

old contents


Generated the following stylecode code:

<?xml version="1.0" encoding="UTF-8"?>
<!DOCTYPE plist PUBLIC "-//Apple//DTD PLIST 1.0//EN" "http://www.apple.com/DTDs/PropertyList-1.0.dtd">
<plist version="1.0">
	<dict>
		<key>classes</key>
		<dict>
</dict>

		<key>classes_density</key>
		<dict>
</dict>

		<key>ids</key>
		<dict>
</dict>

		<key>ids_density</key>
		<dict>
</dict>

	</dict>
</plist>
Finishing build

Exception detected in script:
Traceback (most recent call last):
  File "/Library/Application Support/Titanium/mobilesdk/osx/1.6.1/iphone/builder.py", line 1128, in main
    cleanup_app_logfiles()
  File "/Library/Application Support/Titanium/mobilesdk/osx/1.6.1/iphone/builder.py", line 1109, in cleanup_app_logfiles
    '%s.log'%log_id],True)
  File "/Library/Application Support/Titanium/mobilesdk/osx/1.6.1/iphone/run.py", line 12, in run
    for line in proc.stdout.readlines():
KeyboardInterrupt
